{
  "RSpec": {
    "coverage": {
      "/home/tadamczyk/Pulpit/RUBY/MyRSpec/MergeSort/lib/merge_sort.rb": [
        1,
        null,
        1,
        1,
        177,
        75,
        75,
        75,
        75,
        null,
        null
      ],
      "/home/tadamczyk/Pulpit/RUBY/MyRSpec/MergeSort/lib/merge.rb": [
        1,
        80,
        80,
        135,
        null,
        80,
        null
      ],
      "/home/tadamczyk/Pulpit/RUBY/MyRSpec/MergeSort/spec/int_array_merge_sort_spec.rb": [
        1,
        1,
        null,
        1,
        null,
        1,
        1,
        1,
        1,
        null,
        null,
        1,
        1,
        null,
        null,
        1,
        1,
        null,
        null,
        1,
        1,
        null,
        null,
        1,
        1,
        null,
        null,
        1,
        1,
        null,
        null,
        1,
        1,
        1,
        null,
        null,
        1,
        1,
        1,
        null,
        null,
        null
      ],
      "/home/tadamczyk/Pulpit/RUBY/MyRSpec/MergeSort/spec/merge_sort_spec.rb": [
        1,
        1,
        null,
        1,
        null,
        1,
        1,
        1,
        2,
        null,
        null,
        1,
        1,
        null,
        null,
        1,
        1,
        1,
        1,
        null,
        null,
        null
      ],
      "/home/tadamczyk/Pulpit/RUBY/MyRSpec/MergeSort/spec/merge_spec.rb": [
        1,
        1,
        null,
        1,
        null,
        1,
        1,
        1,
        1,
        null,
        null,
        1,
        1,
        1,
        1,
        1,
        null,
        null,
        1,
        1,
        1,
        1,
        1,
        null,
        null,
        1,
        1,
        1,
        1,
        1,
        null,
        null,
        1,
        1,
        1,
        1,
        1,
        null,
        null,
        null
      ],
      "/home/tadamczyk/Pulpit/RUBY/MyRSpec/MergeSort/spec/string_array_merge_sort_spec.rb": [
        1,
        1,
        null,
        1,
        null,
        1,
        1,
        1,
        1,
        null,
        null,
        1,
        1,
        null,
        null,
        1,
        1,
        null,
        null,
        1,
        1,
        null,
        null,
        1,
        1,
        1,
        1,
        null,
        null,
        1,
        1,
        1,
        1,
        null,
        null,
        1,
        1,
        1,
        null,
        null,
        1,
        1,
        1,
        null,
        null,
        null
      ],
      "/home/tadamczyk/Pulpit/RUBY/MyRSpec/MiniTest/spec/gigasecond_spec.rb": [
        1,
        null,
        1,
        1,
        1,
        1,
        1,
        1,
        null,
        null,
        1,
        1,
        1,
        1,
        null,
        null,
        1,
        1,
        1,
        1,
        null,
        null,
        1,
        1,
        1,
        1,
        null,
        null,
        1,
        1,
        1,
        1,
        null,
        null,
        null
      ],
      "/home/tadamczyk/Pulpit/RUBY/MyRSpec/MiniTest/lib/gigasecond.rb": [
        1,
        1,
        5,
        null,
        null,
        null,
        1,
        1,
        null
      ],
      "/home/tadamczyk/Pulpit/RUBY/MyRSpec/MiniTest/spec/hello_world_spec.rb": [
        1,
        null,
        1,
        1,
        1,
        1,
        null,
        null,
        null
      ],
      "/home/tadamczyk/Pulpit/RUBY/MyRSpec/MiniTest/lib/hello_world.rb": [
        1,
        1,
        1,
        null,
        null
      ],
      "/home/tadamczyk/Pulpit/RUBY/MyRSpec/MiniTest/spec/matrix_spec.rb": [
        1,
        null,
        1,
        1,
        1,
        1,
        1,
        1,
        null,
        null,
        1,
        1,
        1,
        1,
        null,
        null,
        1,
        1,
        1,
        1,
        null,
        null,
        1,
        1,
        1,
        1,
        null,
        null,
        1,
        1,
        1,
        1,
        null,
        null,
        1,
        1,
        1,
        1,
        null,
        null,
        null
      ],
      "/home/tadamczyk/Pulpit/RUBY/MyRSpec/MiniTest/lib/matrix.rb": [
        1,
        1,
        1,
        62,
        6,
        null,
        null
      ],
      "/home/tadamczyk/Pulpit/RUBY/MyRSpec/MiniTest/spec/prime_factors_spec.rb": [
        1,
        null,
        1,
        1,
        1,
        1,
        1,
        1,
        null,
        null,
        1,
        1,
        1,
        1,
        null,
        null,
        1,
        1,
        1,
        1,
        null,
        null,
        1,
        1,
        1,
        1,
        null,
        null,
        1,
        1,
        1,
        1,
        null,
        null,
        1,
        1,
        1,
        1,
        null,
        null,
        1,
        1,
        1,
        1,
        null,
        null,
        1,
        1,
        1,
        1,
        null,
        null,
        1,
        1,
        1,
        1,
        null,
        null,
        1,
        1,
        1,
        1,
        null,
        null,
        1,
        1,
        1,
        1,
        null,
        null,
        null
      ],
      "/home/tadamczyk/Pulpit/RUBY/MyRSpec/MiniTest/lib/prime_factors.rb": [
        1,
        1,
        11,
        11,
        11,
        894608,
        25,
        25,
        null,
        894583,
        null,
        null,
        11,
        null,
        null
      ],
      "/home/tadamczyk/Pulpit/RUBY/MyRSpec/MiniTest/spec/rna_transcription_spec.rb": [
        1,
        null,
        1,
        1,
        1,
        1,
        null,
        null,
        1,
        1,
        null,
        null,
        1,
        1,
        null,
        null,
        1,
        1,
        null,
        null,
        1,
        1,
        null,
        null,
        1,
        1,
        null,
        null,
        1,
        1,
        null,
        null,
        1,
        1,
        null,
        null,
        null
      ],
      "/home/tadamczyk/Pulpit/RUBY/MyRSpec/MiniTest/lib/rna_transcription.rb": [
        1,
        1,
        8,
        8,
        32,
        null,
        8,
        null,
        null,
        1,
        32,
        5,
        5,
        8,
        7,
        7,
        null,
        null,
        null,
        null,
        1,
        1,
        null
      ],
      "/home/tadamczyk/Pulpit/RUBY/MyRSpec/MiniTest/spec/sum_of_multiples_spec.rb": [
        1,
        null,
        1,
        1,
        1,
        1,
        null,
        null,
        1,
        1,
        null,
        null,
        1,
        1,
        null,
        null,
        1,
        1,
        null,
        null,
        1,
        1,
        null,
        null,
        1,
        1,
        null,
        null,
        1,
        1,
        null,
        null,
        1,
        1,
        null,
        null,
        1,
        1,
        null,
        null,
        1,
        1,
        null,
        null,
        1,
        1,
        null,
        null,
        1,
        1,
        null,
        null,
        null
      ],
      "/home/tadamczyk/Pulpit/RUBY/MyRSpec/MiniTest/lib/sum_of_multiples.rb": [
        1,
        1,
        0,
        null,
        null,
        1,
        43725,
        null,
        null,
        1,
        12,
        null,
        null,
        null,
        1,
        1,
        null
      ]
    },
    "timestamp": 1510652101
  }
}
